2016-05-03 16:15:10,301 - Log4JLogChute initialized using file 'velocity.log'
2016-05-03 16:15:10,302 - Initializing Velocity, Calling init()...
2016-05-03 16:15:10,302 - Starting Apache Velocity v1.7 (compiled: 2010-11-19 12:14:37)
2016-05-03 16:15:10,302 - Default Properties File: org/apache/velocity/runtime/defaults/velocity.properties
2016-05-03 16:15:10,302 - Trying to use logger class org.apache.velocity.runtime.log.AvalonLogChute
2016-05-03 16:15:10,302 - Target log system for org.apache.velocity.runtime.log.AvalonLogChute is not available (java.lang.NoClassDefFoundError: org/apache/log/format/Formatter).  Falling back to next log system...
2016-05-03 16:15:10,302 - Trying to use logger class org.apache.velocity.runtime.log.Log4JLogChute
2016-05-03 16:15:10,302 - Using logger class org.apache.velocity.runtime.log.Log4JLogChute
2016-05-03 16:15:10,305 - ResourceLoader instantiated: org.apache.velocity.runtime.resource.loader.ClasspathResourceLoader
2016-05-03 16:15:10,354 - ResourceCache: initialized (class org.apache.velocity.runtime.resource.ResourceCacheImpl) with class java.util.Collections$SynchronizedMap cache map.
2016-05-03 16:15:10,355 - Loaded System Directive: org.apache.velocity.runtime.directive.Stop
2016-05-03 16:15:10,356 - Loaded System Directive: org.apache.velocity.runtime.directive.Define
2016-05-03 16:15:10,357 - Loaded System Directive: org.apache.velocity.runtime.directive.Break
2016-05-03 16:15:10,357 - Loaded System Directive: org.apache.velocity.runtime.directive.Evaluate
2016-05-03 16:15:10,358 - Loaded System Directive: org.apache.velocity.runtime.directive.Literal
2016-05-03 16:15:10,359 - Loaded System Directive: org.apache.velocity.runtime.directive.Macro
2016-05-03 16:15:10,360 - Loaded System Directive: org.apache.velocity.runtime.directive.Parse
2016-05-03 16:15:10,361 - Loaded System Directive: org.apache.velocity.runtime.directive.Include
2016-05-03 16:15:10,362 - Loaded System Directive: org.apache.velocity.runtime.directive.Foreach
2016-05-03 16:15:10,392 - Created '20' parsers.
2016-05-03 16:15:10,396 - Velocimacro : "velocimacro.library" is not set.  Trying default library: VM_global_library.vm
2016-05-03 16:15:10,397 - Could not load resource 'VM_global_library.vm' from ResourceLoader org.apache.velocity.runtime.resource.loader.ClasspathResourceLoader: ClasspathResourceLoader Error: cannot find resource VM_global_library.vm
2016-05-03 16:15:10,397 - Velocimacro : Default library not found.
2016-05-03 16:15:10,397 - Velocimacro : allowInline = true : VMs can be defined inline in templates
2016-05-03 16:15:10,397 - Velocimacro : allowInlineToOverride = false : VMs defined inline may NOT replace previous VM definitions
2016-05-03 16:15:10,397 - Velocimacro : allowInlineLocal = false : VMs defined inline will be global in scope if allowed.
2016-05-03 16:15:10,397 - Velocimacro : autoload off : VM system will not automatically reload global library macros
2016-05-03 16:15:10,402 - ResourceManager : found templates/template.vm with loader org.apache.velocity.runtime.resource.loader.ClasspathResourceLoader
2016-05-03 16:15:10,606 - Velocimacro : added VM nextid: source=index.vm
2016-05-03 16:15:10,607 - ResourceManager : found index.vm with loader org.apache.velocity.runtime.resource.loader.ClasspathResourceLoader
2016-05-04 09:22:37,198 - Log4JLogChute initialized using file 'velocity.log'
2016-05-04 09:22:37,211 - Initializing Velocity, Calling init()...
2016-05-04 09:22:37,211 - Starting Apache Velocity v1.7 (compiled: 2010-11-19 12:14:37)
2016-05-04 09:22:37,212 - Default Properties File: org/apache/velocity/runtime/defaults/velocity.properties
2016-05-04 09:22:37,212 - Trying to use logger class org.apache.velocity.runtime.log.AvalonLogChute
2016-05-04 09:22:37,212 - Target log system for org.apache.velocity.runtime.log.AvalonLogChute is not available (java.lang.NoClassDefFoundError: org/apache/log/format/Formatter).  Falling back to next log system...
2016-05-04 09:22:37,212 - Trying to use logger class org.apache.velocity.runtime.log.Log4JLogChute
2016-05-04 09:22:37,212 - Using logger class org.apache.velocity.runtime.log.Log4JLogChute
2016-05-04 09:22:37,214 - ResourceLoader instantiated: org.apache.velocity.runtime.resource.loader.ClasspathResourceLoader
2016-05-04 09:22:37,224 - ResourceCache: initialized (class org.apache.velocity.runtime.resource.ResourceCacheImpl) with class java.util.Collections$SynchronizedMap cache map.
2016-05-04 09:22:37,225 - Loaded System Directive: org.apache.velocity.runtime.directive.Stop
2016-05-04 09:22:37,225 - Loaded System Directive: org.apache.velocity.runtime.directive.Define
2016-05-04 09:22:37,225 - Loaded System Directive: org.apache.velocity.runtime.directive.Break
2016-05-04 09:22:37,226 - Loaded System Directive: org.apache.velocity.runtime.directive.Evaluate
2016-05-04 09:22:37,226 - Loaded System Directive: org.apache.velocity.runtime.directive.Literal
2016-05-04 09:22:37,227 - Loaded System Directive: org.apache.velocity.runtime.directive.Macro
2016-05-04 09:22:37,228 - Loaded System Directive: org.apache.velocity.runtime.directive.Parse
2016-05-04 09:22:37,229 - Loaded System Directive: org.apache.velocity.runtime.directive.Include
2016-05-04 09:22:37,230 - Loaded System Directive: org.apache.velocity.runtime.directive.Foreach
2016-05-04 09:22:37,259 - Created '20' parsers.
2016-05-04 09:22:37,263 - Velocimacro : "velocimacro.library" is not set.  Trying default library: VM_global_library.vm
2016-05-04 09:22:37,264 - Could not load resource 'VM_global_library.vm' from ResourceLoader org.apache.velocity.runtime.resource.loader.ClasspathResourceLoader: ClasspathResourceLoader Error: cannot find resource VM_global_library.vm
2016-05-04 09:22:37,264 - Velocimacro : Default library not found.
2016-05-04 09:22:37,264 - Velocimacro : allowInline = true : VMs can be defined inline in templates
2016-05-04 09:22:37,264 - Velocimacro : allowInlineToOverride = false : VMs defined inline may NOT replace previous VM definitions
2016-05-04 09:22:37,264 - Velocimacro : allowInlineLocal = false : VMs defined inline will be global in scope if allowed.
2016-05-04 09:22:37,264 - Velocimacro : autoload off : VM system will not automatically reload global library macros
2016-05-04 09:22:37,268 - ResourceManager : found templates/template.vm with loader org.apache.velocity.runtime.resource.loader.ClasspathResourceLoader
2016-05-04 09:22:37,482 - Velocimacro : added VM nextid: source=index.vm
2016-05-04 09:22:37,482 - ResourceManager : found index.vm with loader org.apache.velocity.runtime.resource.loader.ClasspathResourceLoader
2016-05-04 14:12:44,259 - Log4JLogChute initialized using file 'velocity.log'
2016-05-04 14:12:44,276 - Initializing Velocity, Calling init()...
2016-05-04 14:12:44,276 - Starting Apache Velocity v1.7 (compiled: 2010-11-19 12:14:37)
2016-05-04 14:12:44,276 - Default Properties File: org/apache/velocity/runtime/defaults/velocity.properties
2016-05-04 14:12:44,276 - Trying to use logger class org.apache.velocity.runtime.log.AvalonLogChute
2016-05-04 14:12:44,276 - Target log system for org.apache.velocity.runtime.log.AvalonLogChute is not available (java.lang.NoClassDefFoundError: org/apache/log/format/Formatter).  Falling back to next log system...
2016-05-04 14:12:44,277 - Trying to use logger class org.apache.velocity.runtime.log.Log4JLogChute
2016-05-04 14:12:44,277 - Using logger class org.apache.velocity.runtime.log.Log4JLogChute
2016-05-04 14:12:44,279 - ResourceLoader instantiated: org.apache.velocity.runtime.resource.loader.ClasspathResourceLoader
2016-05-04 14:12:44,290 - ResourceCache: initialized (class org.apache.velocity.runtime.resource.ResourceCacheImpl) with class java.util.Collections$SynchronizedMap cache map.
2016-05-04 14:12:44,292 - Loaded System Directive: org.apache.velocity.runtime.directive.Stop
2016-05-04 14:12:44,293 - Loaded System Directive: org.apache.velocity.runtime.directive.Define
2016-05-04 14:12:44,293 - Loaded System Directive: org.apache.velocity.runtime.directive.Break
2016-05-04 14:12:44,294 - Loaded System Directive: org.apache.velocity.runtime.directive.Evaluate
2016-05-04 14:12:44,294 - Loaded System Directive: org.apache.velocity.runtime.directive.Literal
2016-05-04 14:12:44,295 - Loaded System Directive: org.apache.velocity.runtime.directive.Macro
2016-05-04 14:12:44,295 - Loaded System Directive: org.apache.velocity.runtime.directive.Parse
2016-05-04 14:12:44,296 - Loaded System Directive: org.apache.velocity.runtime.directive.Include
2016-05-04 14:12:44,297 - Loaded System Directive: org.apache.velocity.runtime.directive.Foreach
2016-05-04 14:12:44,319 - Created '20' parsers.
2016-05-04 14:12:44,323 - Velocimacro : "velocimacro.library" is not set.  Trying default library: VM_global_library.vm
2016-05-04 14:12:44,323 - Could not load resource 'VM_global_library.vm' from ResourceLoader org.apache.velocity.runtime.resource.loader.ClasspathResourceLoader: ClasspathResourceLoader Error: cannot find resource VM_global_library.vm
2016-05-04 14:12:44,324 - Velocimacro : Default library not found.
2016-05-04 14:12:44,324 - Velocimacro : allowInline = true : VMs can be defined inline in templates
2016-05-04 14:12:44,324 - Velocimacro : allowInlineToOverride = false : VMs defined inline may NOT replace previous VM definitions
2016-05-04 14:12:44,324 - Velocimacro : allowInlineLocal = false : VMs defined inline will be global in scope if allowed.
2016-05-04 14:12:44,324 - Velocimacro : autoload off : VM system will not automatically reload global library macros
2016-05-04 14:12:44,329 - ResourceManager : found templates/template.vm with loader org.apache.velocity.runtime.resource.loader.ClasspathResourceLoader
2016-05-04 14:12:44,526 - Velocimacro : added VM nextid: source=index.vm
2016-05-04 14:12:44,527 - ResourceManager : found index.vm with loader org.apache.velocity.runtime.resource.loader.ClasspathResourceLoader
2016-10-24 10:41:56,254 - Log4JLogChute initialized using file 'velocity.log'
2016-10-24 10:41:56,256 - Initializing Velocity, Calling init()...
2016-10-24 10:41:56,256 - Starting Apache Velocity v1.7 (compiled: 2010-11-19 12:14:37)
2016-10-24 10:41:56,256 - Default Properties File: org/apache/velocity/runtime/defaults/velocity.properties
2016-10-24 10:41:56,256 - Trying to use logger class org.apache.velocity.runtime.log.AvalonLogChute
2016-10-24 10:41:56,256 - Target log system for org.apache.velocity.runtime.log.AvalonLogChute is not available (java.lang.NoClassDefFoundError: org/apache/log/format/Formatter).  Falling back to next log system...
2016-10-24 10:41:56,256 - Trying to use logger class org.apache.velocity.runtime.log.Log4JLogChute
2016-10-24 10:41:56,256 - Using logger class org.apache.velocity.runtime.log.Log4JLogChute
2016-10-24 10:41:56,260 - ResourceLoader instantiated: org.apache.velocity.runtime.resource.loader.ClasspathResourceLoader
2016-10-24 10:41:56,273 - ResourceCache: initialized (class org.apache.velocity.runtime.resource.ResourceCacheImpl) with class java.util.Collections$SynchronizedMap cache map.
2016-10-24 10:41:56,275 - Loaded System Directive: org.apache.velocity.runtime.directive.Stop
2016-10-24 10:41:56,276 - Loaded System Directive: org.apache.velocity.runtime.directive.Define
2016-10-24 10:41:56,276 - Loaded System Directive: org.apache.velocity.runtime.directive.Break
2016-10-24 10:41:56,277 - Loaded System Directive: org.apache.velocity.runtime.directive.Evaluate
2016-10-24 10:41:56,277 - Loaded System Directive: org.apache.velocity.runtime.directive.Literal
2016-10-24 10:41:56,278 - Loaded System Directive: org.apache.velocity.runtime.directive.Macro
2016-10-24 10:41:56,279 - Loaded System Directive: org.apache.velocity.runtime.directive.Parse
2016-10-24 10:41:56,281 - Loaded System Directive: org.apache.velocity.runtime.directive.Include
2016-10-24 10:41:56,282 - Loaded System Directive: org.apache.velocity.runtime.directive.Foreach
2016-10-24 10:41:56,308 - Created '20' parsers.
2016-10-24 10:41:56,311 - Velocimacro : "velocimacro.library" is not set.  Trying default library: VM_global_library.vm
2016-10-24 10:41:56,312 - Could not load resource 'VM_global_library.vm' from ResourceLoader org.apache.velocity.runtime.resource.loader.ClasspathResourceLoader: ClasspathResourceLoader Error: cannot find resource VM_global_library.vm
2016-10-24 10:41:56,312 - Velocimacro : Default library not found.
2016-10-24 10:41:56,312 - Velocimacro : allowInline = true : VMs can be defined inline in templates
2016-10-24 10:41:56,312 - Velocimacro : allowInlineToOverride = false : VMs defined inline may NOT replace previous VM definitions
2016-10-24 10:41:56,312 - Velocimacro : allowInlineLocal = false : VMs defined inline will be global in scope if allowed.
2016-10-24 10:41:56,312 - Velocimacro : autoload off : VM system will not automatically reload global library macros
2016-10-24 10:41:56,325 - Velocimacro : added VM nextid: source=index.vm
2016-10-24 10:41:56,325 - ResourceManager : found index.vm with loader org.apache.velocity.runtime.resource.loader.ClasspathResourceLoader
2016-10-24 10:41:57,527 - ResourceManager : found templates/template.vm with loader org.apache.velocity.runtime.resource.loader.ClasspathResourceLoader
